<?xml version="1.0" encoding="UTF-8"?>
<!-- Generated by org.testng.reporters.JUnitXMLReporter -->
<testsuite ignored="0" hostname="LAPTOP-7MHRCFPI" failures="3" tests="4" name="Command line test" time="84.824" errors="0" timestamp="2025-08-30T19:29:33 IST">
  <testcase classname="com.royalbrothers.RBTest" name="navigateToWebsite" time="10.132">
    <failure type="java.lang.AssertionError" message="Website not loaded properly expected [true] but found [false]">
      <![CDATA[java.lang.AssertionError: Website not loaded properly expected [true] but found [false]
at com.royalbrothers.RBTest.navigateToWebsite(RBTest.java:35)
at java.base/java.util.ArrayList.forEach(ArrayList.java:1511)
at com.royalbrothers.TestRunner.main(TestRunner.java:14)
... Removed 25 stack frames]]>
    </failure>
  </testcase> <!-- navigateToWebsite -->
  <testcase classname="com.royalbrothers.RBTest" name="selectCity" time="30.022">
    <failure type="com.microsoft.playwright.TimeoutError" message="Error {
  message=&amp;apos;Timeout 30000ms exceeded.
  name=&amp;apos;TimeoutError
  stack=&amp;apos;TimeoutError: Timeout 30000ms exceeded.
    at ProgressController.run (C:\Users\DWAIPA~1\AppData\Local\Temp\playwright-java-17230179962914869159\package\lib\server\progress.js:78:26)
    at Frame.click (C:\Users\DWAIPA~1\AppData\Local\Temp\playwright-java-17230179962914869159\package\lib\server\frames.js:1013:23)
    at FrameDispatcher.click (C:\Users\DWAIPA~1\AppData\Local\Temp\playwright-java-17230179962914869159\package\lib\server\dispatchers\frameDispatcher.js:157:30)
    at FrameDispatcher._handleCommand (C:\Users\DWAIPA~1\AppData\Local\Temp\playwright-java-17230179962914869159\package\lib\server\dispatchers\dispatcher.js:94:40)
    at DispatcherConnection.dispatch (C:\Users\DWAIPA~1\AppData\Local\Temp\playwright-java-17230179962914869159\package\lib\server\dispatchers\dispatcher.js:361:39)
}
Call log:
- waiting for locator(&amp;quot;text=Select city&amp;quot;)
">
      <![CDATA[com.microsoft.playwright.TimeoutError: Error {
  message='Timeout 30000ms exceeded.
  name='TimeoutError
  stack='TimeoutError: Timeout 30000ms exceeded.
    at ProgressController.run (C:\Users\DWAIPA~1\AppData\Local\Temp\playwright-java-17230179962914869159\package\lib\server\progress.js:78:26)
    at Frame.click (C:\Users\DWAIPA~1\AppData\Local\Temp\playwright-java-17230179962914869159\package\lib\server\frames.js:1013:23)
    at FrameDispatcher.click (C:\Users\DWAIPA~1\AppData\Local\Temp\playwright-java-17230179962914869159\package\lib\server\dispatchers\frameDispatcher.js:157:30)
    at FrameDispatcher._handleCommand (C:\Users\DWAIPA~1\AppData\Local\Temp\playwright-java-17230179962914869159\package\lib\server\dispatchers\dispatcher.js:94:40)
    at DispatcherConnection.dispatch (C:\Users\DWAIPA~1\AppData\Local\Temp\playwright-java-17230179962914869159\package\lib\server\dispatchers\dispatcher.js:361:39)
}
Call log:
- waiting for locator("text=Select city")

at com.microsoft.playwright.impl.WaitableResult.get(WaitableResult.java:52)
at com.microsoft.playwright.impl.ChannelOwner.runUntil(ChannelOwner.java:120)
at com.microsoft.playwright.impl.Connection.sendMessage(Connection.java:130)
at com.microsoft.playwright.impl.ChannelOwner.sendMessage(ChannelOwner.java:106)
at com.microsoft.playwright.impl.FrameImpl.clickImpl(FrameImpl.java:252)
at com.microsoft.playwright.impl.PageImpl.lambda$click$18(PageImpl.java:682)
at com.microsoft.playwright.impl.LoggingSupport.lambda$withLogging$0(LoggingSupport.java:36)
at com.microsoft.playwright.impl.LoggingSupport.withLogging(LoggingSupport.java:47)
at com.microsoft.playwright.impl.ChannelOwner.withLogging(ChannelOwner.java:89)
at com.microsoft.playwright.impl.LoggingSupport.withLogging(LoggingSupport.java:35)
at com.microsoft.playwright.impl.PageImpl.click(PageImpl.java:681)
at com.microsoft.playwright.Page.click(Page.java:3902)
at com.royalbrothers.RBTest.selectCity(RBTest.java:40)
at java.base/java.util.ArrayList.forEach(ArrayList.java:1511)
at com.royalbrothers.TestRunner.main(TestRunner.java:14)
Caused by: com.microsoft.playwright.TimeoutError: Error {
  message='Timeout 30000ms exceeded.
  name='TimeoutError
  stack='TimeoutError: Timeout 30000ms exceeded.
    at ProgressController.run (C:\Users\DWAIPA~1\AppData\Local\Temp\playwright-java-17230179962914869159\package\lib\server\progress.js:78:26)
    at Frame.click (C:\Users\DWAIPA~1\AppData\Local\Temp\playwright-java-17230179962914869159\package\lib\server\frames.js:1013:23)
    at FrameDispatcher.click (C:\Users\DWAIPA~1\AppData\Local\Temp\playwright-java-17230179962914869159\package\lib\server\dispatchers\frameDispatcher.js:157:30)
    at FrameDispatcher._handleCommand (C:\Users\DWAIPA~1\AppData\Local\Temp\playwright-java-17230179962914869159\package\lib\server\dispatchers\dispatcher.js:94:40)
    at DispatcherConnection.dispatch (C:\Users\DWAIPA~1\AppData\Local\Temp\playwright-java-17230179962914869159\package\lib\server\dispatchers\dispatcher.js:361:39)
}
Call log:
- waiting for locator("text=Select city")

at com.microsoft.playwright.impl.Connection.dispatch(Connection.java:254)
at com.microsoft.playwright.impl.Connection.processOneMessage(Connection.java:211)
at com.microsoft.playwright.impl.ChannelOwner.runUntil(ChannelOwner.java:118)
... 35 more
... Removed 22 stack frames]]>
    </failure>
  </testcase> <!-- selectCity -->
  <testcase classname="com.royalbrothers.RBTest" name="enterBookingInterval" time="30.006">
    <failure type="com.microsoft.playwright.TimeoutError" message="Error {
  message=&amp;apos;Timeout 30000ms exceeded.
  name=&amp;apos;TimeoutError
  stack=&amp;apos;TimeoutError: Timeout 30000ms exceeded.
    at ProgressController.run (C:\Users\DWAIPA~1\AppData\Local\Temp\playwright-java-17230179962914869159\package\lib\server\progress.js:78:26)
    at Frame.click (C:\Users\DWAIPA~1\AppData\Local\Temp\playwright-java-17230179962914869159\package\lib\server\frames.js:1013:23)
    at FrameDispatcher.click (C:\Users\DWAIPA~1\AppData\Local\Temp\playwright-java-17230179962914869159\package\lib\server\dispatchers\frameDispatcher.js:157:30)
    at FrameDispatcher._handleCommand (C:\Users\DWAIPA~1\AppData\Local\Temp\playwright-java-17230179962914869159\package\lib\server\dispatchers\dispatcher.js:94:40)
    at DispatcherConnection.dispatch (C:\Users\DWAIPA~1\AppData\Local\Temp\playwright-java-17230179962914869159\package\lib\server\dispatchers\dispatcher.js:361:39)
}
Call log:
- waiting for locator(&amp;quot;input[placeholder=&amp;apos;Pick-up Date&amp;apos;]&amp;quot;)
">
      <![CDATA[com.microsoft.playwright.TimeoutError: Error {
  message='Timeout 30000ms exceeded.
  name='TimeoutError
  stack='TimeoutError: Timeout 30000ms exceeded.
    at ProgressController.run (C:\Users\DWAIPA~1\AppData\Local\Temp\playwright-java-17230179962914869159\package\lib\server\progress.js:78:26)
    at Frame.click (C:\Users\DWAIPA~1\AppData\Local\Temp\playwright-java-17230179962914869159\package\lib\server\frames.js:1013:23)
    at FrameDispatcher.click (C:\Users\DWAIPA~1\AppData\Local\Temp\playwright-java-17230179962914869159\package\lib\server\dispatchers\frameDispatcher.js:157:30)
    at FrameDispatcher._handleCommand (C:\Users\DWAIPA~1\AppData\Local\Temp\playwright-java-17230179962914869159\package\lib\server\dispatchers\dispatcher.js:94:40)
    at DispatcherConnection.dispatch (C:\Users\DWAIPA~1\AppData\Local\Temp\playwright-java-17230179962914869159\package\lib\server\dispatchers\dispatcher.js:361:39)
}
Call log:
- waiting for locator("input[placeholder='Pick-up Date']")

at com.microsoft.playwright.impl.WaitableResult.get(WaitableResult.java:52)
at com.microsoft.playwright.impl.ChannelOwner.runUntil(ChannelOwner.java:120)
at com.microsoft.playwright.impl.Connection.sendMessage(Connection.java:130)
at com.microsoft.playwright.impl.ChannelOwner.sendMessage(ChannelOwner.java:106)
at com.microsoft.playwright.impl.FrameImpl.clickImpl(FrameImpl.java:252)
at com.microsoft.playwright.impl.PageImpl.lambda$click$18(PageImpl.java:682)
at com.microsoft.playwright.impl.LoggingSupport.lambda$withLogging$0(LoggingSupport.java:36)
at com.microsoft.playwright.impl.LoggingSupport.withLogging(LoggingSupport.java:47)
at com.microsoft.playwright.impl.ChannelOwner.withLogging(ChannelOwner.java:89)
at com.microsoft.playwright.impl.LoggingSupport.withLogging(LoggingSupport.java:35)
at com.microsoft.playwright.impl.PageImpl.click(PageImpl.java:681)
at com.microsoft.playwright.Page.click(Page.java:3902)
at com.royalbrothers.RBTest.enterBookingInterval(RBTest.java:48)
at java.base/java.util.ArrayList.forEach(ArrayList.java:1511)
at com.royalbrothers.TestRunner.main(TestRunner.java:14)
Caused by: com.microsoft.playwright.TimeoutError: Error {
  message='Timeout 30000ms exceeded.
  name='TimeoutError
  stack='TimeoutError: Timeout 30000ms exceeded.
    at ProgressController.run (C:\Users\DWAIPA~1\AppData\Local\Temp\playwright-java-17230179962914869159\package\lib\server\progress.js:78:26)
    at Frame.click (C:\Users\DWAIPA~1\AppData\Local\Temp\playwright-java-17230179962914869159\package\lib\server\frames.js:1013:23)
    at FrameDispatcher.click (C:\Users\DWAIPA~1\AppData\Local\Temp\playwright-java-17230179962914869159\package\lib\server\dispatchers\frameDispatcher.js:157:30)
    at FrameDispatcher._handleCommand (C:\Users\DWAIPA~1\AppData\Local\Temp\playwright-java-17230179962914869159\package\lib\server\dispatchers\dispatcher.js:94:40)
    at DispatcherConnection.dispatch (C:\Users\DWAIPA~1\AppData\Local\Temp\playwright-java-17230179962914869159\package\lib\server\dispatchers\dispatcher.js:361:39)
}
Call log:
- waiting for locator("input[placeholder='Pick-up Date']")

at com.microsoft.playwright.impl.Connection.dispatch(Connection.java:254)
at com.microsoft.playwright.impl.Connection.processOneMessage(Connection.java:211)
at com.microsoft.playwright.impl.ChannelOwner.runUntil(ChannelOwner.java:118)
... 35 more
... Removed 22 stack frames]]>
    </failure>
  </testcase> <!-- enterBookingInterval -->
  <testcase classname="com.royalbrothers.RBTest" name="applyLocationFilterAndValidate" time="0.164"/>
</testsuite> <!-- Command line test -->
